c:\users\steven\desktop\deform2d\debug\vc120.pdb
c:\users\steven\desktop\deform2d\debug\vc120.idb
c:\users\steven\desktop\deform2d\debug\linearalgebra.obj
c:\users\steven\desktop\deform2d\debug\trianglemesh.obj
c:\users\steven\desktop\deform2d\debug\wmlexttriangleutils.obj
c:\users\steven\desktop\deform2d\debug\wmllinearsystemext.obj
c:\users\steven\desktop\deform2d\debug\test.obj
c:\users\steven\desktop\deform2d\debug\deform2d.obj
c:\users\steven\desktop\deform2d\debug\stdafx.obj
c:\users\steven\desktop\deform2d\debug\deform2d.lib
c:\users\steven\desktop\deform2d\debug\deform2d.exp
c:\users\steven\desktop\deform2d\debug\deform2d.ilk
c:\users\steven\desktop\deform2d\debug\deform2d.exe
c:\users\steven\desktop\deform2d\debug\deform2d.pdb
c:\users\steven\desktop\deform2d\debug\rigidmeshdeformer2d.cu.cache
c:\users\steven\desktop\deform2d\debug\test.cu.cache
c:\users\steven\desktop\deform2d\debug\triangle.cu.cache
c:\users\steven\desktop\deform2d\debug\rigidmeshdeformer2d.cu.obj
c:\users\steven\desktop\deform2d\debug\test.cu.obj
c:\users\steven\desktop\deform2d\debug\triangle.cu.obj
c:\users\steven\desktop\deform2d\debug\deform2d.tlog\cl.command.1.tlog
c:\users\steven\desktop\deform2d\debug\deform2d.tlog\cl.read.1.tlog
c:\users\steven\desktop\deform2d\debug\deform2d.tlog\cl.write.1.tlog
c:\users\steven\desktop\deform2d\debug\deform2d.tlog\deform2d.write.1u.tlog
c:\users\steven\desktop\deform2d\debug\deform2d.tlog\link.command.1.tlog
c:\users\steven\desktop\deform2d\debug\deform2d.tlog\link.read.1.tlog
c:\users\steven\desktop\deform2d\debug\deform2d.tlog\link.write.1.tlog
